[2019-11-05:08:24:47]	130
[2019-11-05:08:24:47]	13000
[2019-11-05:08:24:47]	13000
[2019-11-05:08:24:47]	130
[2019-11-05:08:24:47]	130.00
[2019-11-05:08:25:14]	181.5
[2019-11-05:08:25:14]	18150
[2019-11-05:08:25:14]	18150
[2019-11-05:08:25:14]	181.5
[2019-11-05:08:25:14]	181.50
[2019-11-05:08:25:34]	181.5
[2019-11-05:08:25:34]	18150
[2019-11-05:08:25:34]	18150
[2019-11-05:08:25:34]	181.5
[2019-11-05:08:25:34]	181.50
[2019-11-05:08:26:02]	181.5
[2019-11-05:08:26:02]	18150
[2019-11-05:08:26:02]	18150
[2019-11-05:08:26:02]	181.5
[2019-11-05:08:26:02]	181.50
[2019-11-05:08:26:29]	458.59
[2019-11-05:08:26:29]	45859
[2019-11-05:08:26:29]	45859
[2019-11-05:08:26:29]	458.59
[2019-11-05:08:26:29]	458.59
[2019-11-05:08:26:51]	272.25
[2019-11-05:08:26:51]	27225
[2019-11-05:08:26:51]	27225
[2019-11-05:08:26:51]	272.25
[2019-11-05:08:26:51]	272.25
[2019-11-05:08:27:10]	314.6
[2019-11-05:08:27:10]	31460
[2019-11-05:08:27:10]	31460
[2019-11-05:08:27:10]	314.6
[2019-11-05:08:27:10]	314.60
[2019-11-05:08:28:14]	325.01
[2019-11-05:08:28:14]	32501
[2019-11-05:08:28:14]	32501
[2019-11-05:08:28:14]	325.01
[2019-11-05:08:28:14]	325.01
[2019-11-05:08:31:15]	400
[2019-11-05:08:31:15]	40000
[2019-11-05:08:31:15]	40000
[2019-11-05:08:31:15]	400
[2019-11-05:08:31:15]	400.00
[2019-11-05:08:32:50]	623.15
[2019-11-05:08:32:50]	62315
[2019-11-05:08:32:50]	62315
[2019-11-05:08:32:50]	623.15
[2019-11-05:08:32:50]	623.15
[2019-11-05:08:33:12]	363
[2019-11-05:08:33:12]	36300
[2019-11-05:08:33:12]	36300
[2019-11-05:08:33:12]	363
[2019-11-05:08:33:12]	363.00
[2019-11-05:08:33:32]	266.2
[2019-11-05:08:33:32]	26620
[2019-11-05:08:33:32]	26620
[2019-11-05:08:33:32]	266.2
[2019-11-05:08:33:32]	266.20
[2019-11-05:08:34:42]	130
[2019-11-05:08:34:42]	13000
[2019-11-05:08:34:42]	13000
[2019-11-05:08:34:42]	130
[2019-11-05:08:34:42]	130.00
[2019-11-05:08:35:05]	102.86
[2019-11-05:08:35:05]	10286
[2019-11-05:08:35:05]	10286
[2019-11-05:08:35:05]	102.86
[2019-11-05:08:35:05]	102.86
[2019-11-05:08:35:24]	102.86
[2019-11-05:08:35:24]	10286
[2019-11-05:08:35:24]	10286
[2019-11-05:08:35:24]	102.86
[2019-11-05:08:35:24]	102.86
[2019-11-05:08:36:28]	130
[2019-11-05:08:36:28]	13000
[2019-11-05:08:36:28]	13000
[2019-11-05:08:36:28]	130
[2019-11-05:08:36:28]	130.00
[2019-11-05:08:36:47]	130
[2019-11-05:08:36:47]	13000
[2019-11-05:08:36:47]	13000
[2019-11-05:08:36:47]	130
[2019-11-05:08:36:47]	130.00
[2019-11-05:08:37:47]	130
[2019-11-05:08:37:47]	13000
[2019-11-05:08:37:47]	13000
[2019-11-05:08:37:47]	130
[2019-11-05:08:37:47]	130.00
[2019-11-05:08:38:11]	150
[2019-11-05:08:38:11]	15000
[2019-11-05:08:38:11]	15000
[2019-11-05:08:38:11]	150
[2019-11-05:08:38:11]	150.00
[2019-11-05:08:41:43]	250
[2019-11-05:08:41:43]	25000
[2019-11-05:08:41:43]	25000
[2019-11-05:08:41:43]	250
[2019-11-05:08:41:43]	250.00
[2019-11-05:08:42:01]	300.02
[2019-11-05:08:42:01]	30002
[2019-11-05:08:42:01]	30002
[2019-11-05:08:42:01]	300.02
[2019-11-05:08:42:01]	300.02
[2019-11-05:08:43:14]	325.01
[2019-11-05:08:43:14]	32501
[2019-11-05:08:43:14]	32501
[2019-11-05:08:43:14]	325.01
[2019-11-05:08:43:14]	325.01
[2019-11-05:08:45:19]	490.05
[2019-11-05:08:45:19]	49005
[2019-11-05:08:45:19]	49005
[2019-11-05:08:45:19]	490.05
[2019-11-05:08:45:19]	490.05
[2019-11-05:08:45:43]	760
[2019-11-05:08:45:43]	76000
[2019-11-05:08:45:43]	76000
[2019-11-05:08:45:43]	760
[2019-11-05:08:45:43]	760.00
[2019-11-05:08:46:40]	90
[2019-11-05:08:46:40]	9000
[2019-11-05:08:46:40]	9000
[2019-11-05:08:46:40]	90
[2019-11-05:08:46:40]	90.00
[2019-11-05:08:46:59]	130
[2019-11-05:08:46:59]	13000
[2019-11-05:08:46:59]	13000
[2019-11-05:08:46:59]	130
[2019-11-05:08:46:59]	130.00
[2019-11-05:08:47:55]	225
[2019-11-05:08:47:55]	22500
[2019-11-05:08:47:55]	22500
[2019-11-05:08:47:55]	225
[2019-11-05:08:47:55]	225.00
[2019-11-05:08:49:41]	238.37
[2019-11-05:08:49:41]	23837
[2019-11-05:08:49:41]	23837
[2019-11-05:08:49:41]	238.37
[2019-11-05:08:49:41]	238.37
[2019-11-05:08:49:57]	246.84
[2019-11-05:08:49:57]	24684
[2019-11-05:08:49:57]	24684
[2019-11-05:08:49:57]	246.84
[2019-11-05:08:49:57]	246.84
[2019-11-05:08:50:20]	271.04
[2019-11-05:08:50:20]	27104
[2019-11-05:08:50:20]	27104
[2019-11-05:08:50:20]	271.04
[2019-11-05:08:50:20]	271.04
[2019-11-05:08:50:41]	331.54
[2019-11-05:08:50:41]	33154
[2019-11-05:08:50:41]	33154
[2019-11-05:08:50:41]	331.54
[2019-11-05:08:50:41]	331.54
[2019-11-05:08:51:01]	490.05
[2019-11-05:08:51:01]	49005
[2019-11-05:08:51:01]	49005
[2019-11-05:08:51:01]	490.05
[2019-11-05:08:51:01]	490.05
[2019-11-05:09:51:59]	130
[2019-11-05:09:51:59]	13000
[2019-11-05:09:51:59]	13000
[2019-11-05:09:51:59]	130
[2019-11-05:09:51:59]	130.00
[2019-11-05:09:56:36]	102.86
[2019-11-05:09:56:36]	10286
[2019-11-05:09:56:36]	10286
[2019-11-05:09:56:36]	102.86
[2019-11-05:09:56:36]	102.86
[2019-11-05:10:02:37]	130
[2019-11-05:10:02:37]	13000
[2019-11-05:10:02:37]	13000
[2019-11-05:10:02:37]	130
[2019-11-05:10:02:37]	130.00
[2019-11-05:10:08:05]	130
[2019-11-05:10:08:05]	13000
[2019-11-05:10:08:05]	13000
[2019-11-05:10:08:05]	130
[2019-11-05:10:08:05]	130.00
[2019-11-05:10:13:36]	130
[2019-11-05:10:13:36]	13000
[2019-11-05:10:13:36]	13000
[2019-11-05:10:13:36]	130
[2019-11-05:10:13:36]	130.00
[2019-11-05:11:06:04]	325.01
[2019-11-05:11:06:04]	32501
[2019-11-05:11:06:04]	32501
[2019-11-05:11:06:04]	325.01
[2019-11-05:11:06:04]	325.01
[2019-11-05:11:17:54]	380
[2019-11-05:11:17:54]	38000
[2019-11-05:11:17:54]	38000
[2019-11-05:11:17:54]	380
[2019-11-05:11:17:54]	380.00
[2019-11-05:11:21:55]	380
[2019-11-05:11:21:55]	38000
[2019-11-05:11:21:55]	38000
[2019-11-05:11:21:55]	380
[2019-11-05:11:21:55]	380.00
[2019-11-05:11:38:57]	380
[2019-11-05:11:38:57]	38000
[2019-11-05:11:38:57]	38000
[2019-11-05:11:38:57]	380
[2019-11-05:11:38:57]	380.00
[2019-11-05:11:52:14]	380
[2019-11-05:11:52:14]	38000
[2019-11-05:11:52:14]	38000
[2019-11-05:11:52:14]	380
[2019-11-05:11:52:14]	380.00
[2019-11-05:12:21:18]	90
[2019-11-05:12:21:18]	9000
[2019-11-05:12:21:18]	9000
[2019-11-05:12:21:18]	90
[2019-11-05:12:21:18]	90.00
[2019-11-05:13:12:21]	115
[2019-11-05:13:12:21]	11500
[2019-11-05:13:12:21]	11500
[2019-11-05:13:12:21]	115
[2019-11-05:13:12:21]	115.00
[2019-11-05:13:13:36]	130
[2019-11-05:13:13:36]	13000
[2019-11-05:13:13:36]	13000
[2019-11-05:13:13:36]	130
[2019-11-05:13:13:36]	130.00
[2019-11-05:13:13:52]	130
[2019-11-05:13:13:52]	13000
[2019-11-05:13:13:52]	13000
[2019-11-05:13:13:52]	130
[2019-11-05:13:13:52]	130.00
[2019-11-05:13:15:56]	130
[2019-11-05:13:15:56]	13000
[2019-11-05:13:15:56]	13000
[2019-11-05:13:15:56]	130
[2019-11-05:13:15:56]	130.00
[2019-11-05:13:16:40]	150
[2019-11-05:13:16:40]	15000
[2019-11-05:13:16:40]	15000
[2019-11-05:13:16:40]	150
[2019-11-05:13:16:40]	150.00
[2019-11-05:13:17:10]	230.01
[2019-11-05:13:17:10]	23001
[2019-11-05:13:17:10]	23001
[2019-11-05:13:17:10]	230.01
[2019-11-05:13:17:10]	230.01
[2019-11-05:13:17:33]	248.05
[2019-11-05:13:17:33]	24805
[2019-11-05:13:17:33]	24805
[2019-11-05:13:17:33]	248.05
[2019-11-05:13:17:33]	248.05
[2019-11-05:13:17:55]	325.01
[2019-11-05:13:17:55]	32501
[2019-11-05:13:17:55]	32501
[2019-11-05:13:17:55]	325.01
[2019-11-05:13:17:55]	325.01
[2019-11-05:13:18:25]	380
[2019-11-05:13:18:25]	38000
[2019-11-05:13:18:25]	38000
[2019-11-05:13:18:25]	380
[2019-11-05:13:18:25]	380.00
[2019-11-05:13:49:47]	380
[2019-11-05:13:49:47]	38000
[2019-11-05:13:49:47]	38000
[2019-11-05:13:49:47]	380
[2019-11-05:13:49:47]	380.00
