[2019-11-05:09:50:12]	autocomplete_query
[2019-11-05:09:50:12]	[{"id":"3625","label":"WUILQUOT - NIZET Anne & emmanuel"},{"id":"3576","label":"DEVLEESCHOUWER Laurence"},{"id":"3444","label":"DE WILDE D'ESTMAEL - DEL MARMOL Coralie & cédric"},{"id":"2631","label":"DE WASSEIGE Philippe"},{"id":"2562","label":"SWIXIM "},{"id":"1971","label":"WAUTHIER - PONCELET Marc - benjamin"},{"id":"1875","label":"VERONIQUE Walraven"},{"id":"1663","label":"LILIEN - WELING Renaud - christoph"},{"id":"1628","label":"DEBOUCHE - DELWART François - quentin"},{"id":"1621","label":"WATILLON - HAMES Stéphane - pierre"}]
[2019-11-05:09:50:12]	autocomplete_query
[2019-11-05:09:50:12]	[{"id":"3625","label":"WUILQUOT - NIZET Anne & emmanuel"}]
[2019-11-05:09:50:13]	autocomplete_query
[2019-11-05:09:50:13]	[{"id":"3625","label":"WUILQUOT - NIZET Anne & emmanuel"}]
[2019-11-05:09:50:13]	autocomplete_query
[2019-11-05:09:50:13]	[{"id":"3625","label":"WUILQUOT - NIZET Anne & emmanuel"}]
[2019-11-05:09:50:14]	autocomplete_query
[2019-11-05:09:50:14]	[{"id":"3625","label":"WUILQUOT - NIZET Anne & emmanuel"}]
[2019-11-05:09:50:14]	autocomplete_query
[2019-11-05:09:50:14]	[{"id":"3625","label":"WUILQUOT - NIZET Anne & emmanuel"}]
[2019-11-05:09:50:23]	autocomplete_query
[2019-11-05:09:50:23]	[{"id":"23","label":"Etude de Maître"},{"id":"1","label":"Madame"},{"id":"4","label":"Madame et Monsieur"},{"id":"27","label":"Maître"},{"id":"2","label":"Monsieur"},{"id":"15","label":"Monsieur & Madame"}]
[2019-11-05:09:50:24]	autocomplete_query
[2019-11-05:09:50:24]	[{"id":"4","label":"Madame et Monsieur"},{"id":"2","label":"Monsieur"},{"id":"15","label":"Monsieur & Madame"}]
[2019-11-05:09:50:25]	autocomplete_query
[2019-11-05:09:50:25]	[{"id":"4","label":"Madame et Monsieur"},{"id":"2","label":"Monsieur"},{"id":"15","label":"Monsieur & Madame"}]
[2019-11-05:09:50:25]	autocomplete_query
[2019-11-05:09:50:25]	[{"id":"4","label":"Madame et Monsieur"},{"id":"2","label":"Monsieur"},{"id":"15","label":"Monsieur & Madame"}]
[2019-11-05:09:50:26]	autocomplete_query
[2019-11-05:09:50:26]	[{"id":"4","label":"Madame et Monsieur"},{"id":"2","label":"Monsieur"},{"id":"15","label":"Monsieur & Madame"}]
[2019-11-05:09:55:25]	autocomplete_query
[2019-11-05:09:55:25]	[{"id":"3646","label":"ALLEN KEAPLER Immo"},{"id":"3625","label":"WUILQUOT - NIZET Anne & emmanuel"},{"id":"3600","label":"ENERGIE & ELECTRICITE "},{"id":"3587","label":"HERODE Mélanie"},{"id":"3576","label":"DEVLEESCHOUWER Laurence"},{"id":"3529","label":"MINON Olivier"},{"id":"3506","label":"ROSU Lévi"},{"id":"3462","label":"KARINE Poli"},{"id":"3461","label":"BELGE MAISON "},{"id":"3460","label":"DELCROIX Laurent"}]
[2019-11-05:09:55:25]	autocomplete_query
[2019-11-05:09:55:25]	[{"id":"3460","label":"DELCROIX Laurent"},{"id":"3725","label":"IMMO LCP "},{"id":"4345","label":"IMMO BALCAEN BALIGARTH"},{"id":"6104","label":"MLCI "}]
[2019-11-05:09:55:26]	autocomplete_query
[2019-11-05:09:55:26]	[{"id":"3725","label":"IMMO LCP "}]
[2019-11-05:09:55:30]	autocomplete_query
[2019-11-05:09:55:30]	[{"id":"3649","label":"Daniele CHEVREUIL"},{"id":"3647","label":"BENZERGA Kamal du Mont 32  4458 fexhe-slins "},{"id":"3646","label":"ALLEN KEAPLER Immo Rue des Dominicains 4E  4000 Liège "},{"id":"7415","label":"CARLIER Pascal Rue Buisson 4  7130 Binche "},{"id":"3644","label":"DELHAYE Franck Boulevard de Douai 1/A  59100 Roubaix "},{"id":"3642","label":"SCULIER Céline Rue de Chièvres 472  7332 Neufmaison "},{"id":"3641","label":"LEQUINE Brigitte Arthur Pouplier 76  7190 Ecaussinnes "},{"id":"3640","label":"LALOUX Georges Rue de Mons 142 A  7120 Estinnes-au-Val "},{"id":"3638","label":"CILUFFO Rosa Chaussée de la Cour 147  7340 Colfontaine "},{"id":"3637","label":"HUWAERT Chantale Rue Jules Blondeau 14  7190 Ecaussinnes "}]
[2019-11-05:09:55:31]	autocomplete_query
[2019-11-05:09:55:31]	[{"id":"3590","label":"Isabelle (succession malchait lucienne) LIBERT"},{"id":"3521","label":"Murat ERYALCIN"},{"id":"3460","label":"Laurent DELCROIX"},{"id":"3062","label":"Olcay-ayché TEZCAN-ALI"},{"id":"2913","label":"Malchair MICHEL"},{"id":"2788","label":" DELCROIX"},{"id":"2427","label":"Valérie SEPULCRE"},{"id":"1910","label":"Jacques FALCHI"},{"id":"1860","label":" HALCONRUY"},{"id":"1246","label":" DELCOMBE"}]
[2019-11-05:09:55:31]	autocomplete_query
[2019-11-05:09:55:31]	[{"id":"3725","label":"IMMO LCP Rue des Couterelles 112/5  6224 Fleurus "}]
[2019-11-05:10:01:03]	autocomplete_query
[2019-11-05:10:01:03]	[{"id":"71","label":" ALLETO - GIGLIONE"},{"id":"3133","label":" ASSOCIATION CONTRE LE CANCER"},{"id":"182","label":" AUCHET - CLOSKIN"},{"id":"721","label":" BALKAYA - KULAK"},{"id":"2811","label":" BARTOLI - DIAS DE OLIVEIRA"},{"id":"366","label":" BASTIN - LERCLERCQ"},{"id":"2549","label":" BATAILLE"},{"id":"3461","label":" BELGE MAISON"},{"id":"2375","label":" BELLAIRE BREUER"},{"id":"1200","label":" BERTHOLET (SUCCESSION)"}]
[2019-11-05:10:01:03]	autocomplete_query
[2019-11-05:10:01:03]	[{"id":"3384","label":" CALMANT"},{"id":"318","label":" DELMARTINO - GODFROID"},{"id":"2297","label":" DELMELLE - TIMMERMANS"},{"id":"485","label":" DESSOUROUX - DELMELLE"},{"id":"1610","label":" GENARD - GILMAN"},{"id":"55","label":" GUILMOT - DUPONT"},{"id":"847","label":" TILMANT PHARMACIE"},{"id":"161","label":" WUILMART"},{"id":"2165","label":" ZEILMAKER"},{"id":"1636","label":"(succession) WILMOTTE - HENDRICKX"}]
[2019-11-05:10:01:04]	autocomplete_query
[2019-11-05:10:01:04]	[{"id":"6457","label":"LMM-AIP Rue des Volontaires de Guerre 10/C  7330 Saint-Ghislain "},{"id":"3275","label":"SPRL LMM-AIP Maisons Michetti - Rue des Volontaires de Guerre, 10/C  7330 Saint-ghislain "}]
[2019-11-05:10:01:29]	autocomplete_query
[2019-11-05:10:01:29]	[{"id":"3275","label":"SPRL LMM-AIP Maisons Michetti - Rue des Volontaires de Guerre, 10/C  7330 Saint-ghislain "}]
[2019-11-05:10:01:38]	autocomplete_query
[2019-11-05:10:01:38]	[{"id":"3646","label":"ALLEN KEAPLER Immo"},{"id":"3625","label":"WUILQUOT - NIZET Anne & emmanuel"},{"id":"3600","label":"ENERGIE & ELECTRICITE "},{"id":"3587","label":"HERODE Mélanie"},{"id":"3576","label":"DEVLEESCHOUWER Laurence"},{"id":"3529","label":"MINON Olivier"},{"id":"3506","label":"ROSU Lévi"},{"id":"3462","label":"KARINE Poli"},{"id":"3461","label":"BELGE MAISON "},{"id":"3460","label":"DELCROIX Laurent"}]
[2019-11-05:10:01:39]	autocomplete_query
[2019-11-05:10:01:39]	[{"id":"3275","label":"SPRL LMM-AIP Maisons Michetti -"},{"id":"577","label":"DELMOTTE Pierre"},{"id":"112","label":"GILMANT - GERARD Frantz - simon"},{"id":"4836","label":"DELMEE Rodolphe"}]
[2019-11-05:10:01:39]	autocomplete_query
[2019-11-05:10:01:39]	[{"id":"3275","label":"SPRL LMM-AIP Maisons Michetti -"}]
[2019-11-05:10:01:47]	autocomplete_query
[2019-11-05:10:01:47]	[{"id":"3649","label":"Daniele CHEVREUIL"},{"id":"3647","label":"BENZERGA Kamal du Mont 32  4458 fexhe-slins "},{"id":"3646","label":"ALLEN KEAPLER Immo Rue des Dominicains 4E  4000 Liège "},{"id":"7415","label":"CARLIER Pascal Rue Buisson 4  7130 Binche "},{"id":"3644","label":"DELHAYE Franck Boulevard de Douai 1/A  59100 Roubaix "},{"id":"3642","label":"SCULIER Céline Rue de Chièvres 472  7332 Neufmaison "},{"id":"3641","label":"LEQUINE Brigitte Arthur Pouplier 76  7190 Ecaussinnes "},{"id":"3640","label":"LALOUX Georges Rue de Mons 142 A  7120 Estinnes-au-Val "},{"id":"3638","label":"CILUFFO Rosa Chaussée de la Cour 147  7340 Colfontaine "},{"id":"3637","label":"HUWAERT Chantale Rue Jules Blondeau 14  7190 Ecaussinnes "}]
[2019-11-05:10:01:47]	autocomplete_query
[2019-11-05:10:01:47]	[{"id":"3631","label":"Palmyre VILLERS"},{"id":"3566","label":"Daniel WILMART"},{"id":"3528","label":"Antonio DAPALMA"},{"id":"3384","label":" CALMANT"},{"id":"3286","label":"Aurore WUILMART"},{"id":"3275","label":"SPRL LMM-AIP Maisons Michetti - Rue des Volontaires de Guerre, 10/C  7330 Saint-ghislain "},{"id":"3126","label":"CIOTTA - CRESPINI Angélique - cédric Rue de l'Amitié 185  4041 Milmort "},{"id":"3125","label":"Léonard DAELMANS"},{"id":"2937","label":"Michel GILMAIRE"},{"id":"2613","label":"Omar ABDELMOUMNI"}]
[2019-11-05:10:01:48]	autocomplete_query
[2019-11-05:10:01:48]	[{"id":"3275","label":"SPRL LMM-AIP Maisons Michetti - Rue des Volontaires de Guerre, 10/C  7330 Saint-ghislain "}]
[2019-11-05:10:07:08]	autocomplete_query
[2019-11-05:10:07:08]	[{"id":"23","label":"Etude de Maître"},{"id":"1","label":"Madame"},{"id":"4","label":"Madame et Monsieur"},{"id":"27","label":"Maître"},{"id":"2","label":"Monsieur"},{"id":"15","label":"Monsieur & Madame"}]
[2019-11-05:10:07:09]	autocomplete_query
[2019-11-05:10:07:09]	[{"id":"4","label":"Madame et Monsieur"},{"id":"2","label":"Monsieur"},{"id":"15","label":"Monsieur & Madame"}]
[2019-11-05:10:07:09]	autocomplete_query
[2019-11-05:10:07:09]	[{"id":"4","label":"Madame et Monsieur"},{"id":"2","label":"Monsieur"},{"id":"15","label":"Monsieur & Madame"}]
[2019-11-05:10:07:10]	autocomplete_query
[2019-11-05:10:07:10]	[{"id":"4","label":"Madame et Monsieur"},{"id":"2","label":"Monsieur"},{"id":"15","label":"Monsieur & Madame"}]
[2019-11-05:10:07:10]	autocomplete_query
[2019-11-05:10:07:10]	[{"id":"4","label":"Madame et Monsieur"},{"id":"2","label":"Monsieur"},{"id":"15","label":"Monsieur & Madame"}]
[2019-11-05:10:12:36]	autocomplete_query
[2019-11-05:10:12:36]	[{"id":"3587","label":"HERODE Mélanie"},{"id":"3576","label":"DEVLEESCHOUWER Laurence"},{"id":"3471","label":"DUMONT Denys"},{"id":"3460","label":"DELCROIX Laurent"},{"id":"3444","label":"DE WILDE D'ESTMAEL - DEL MARMOL Coralie & cédric"},{"id":"3442","label":"ALEXIS De backer"},{"id":"3439","label":"MEUNIER - DEMOULIN Marie-france & anne-sophie"},{"id":"3422","label":"VANDENBROUCKE Olivier"},{"id":"3399","label":"HAMAIDE Antoine"},{"id":"3365","label":"DEMAREZ - PARMENTIER "}]
[2019-11-05:10:12:37]	autocomplete_query
[2019-11-05:10:12:37]	[{"id":"3587","label":"HERODE Mélanie"},{"id":"3576","label":"DEVLEESCHOUWER Laurence"},{"id":"3471","label":"DUMONT Denys"},{"id":"3460","label":"DELCROIX Laurent"},{"id":"3444","label":"DE WILDE D'ESTMAEL - DEL MARMOL Coralie & cédric"},{"id":"3442","label":"ALEXIS De backer"},{"id":"3439","label":"MEUNIER - DEMOULIN Marie-france & anne-sophie"},{"id":"3422","label":"VANDENBROUCKE Olivier"},{"id":"3399","label":"HAMAIDE Antoine"},{"id":"3365","label":"DEMAREZ - PARMENTIER "}]
[2019-11-05:10:12:37]	autocomplete_query
[2019-11-05:10:12:37]	[{"id":"3111","label":"VAN DER ELST Géry"},{"id":"1684","label":"DUCHATEAU - FRANCQUEN Frédéric - etienne"},{"id":"1184","label":"DERUE Jean-pierre"},{"id":"923","label":"BOZET - BINOT Nathalie - frédéric"},{"id":"728","label":"MATHIEU Frédéric"},{"id":"499","label":"DUMOULIN Frédéric"},{"id":"223","label":"EBEN-LEENDERS "},{"id":"4042","label":"VAN ELSLANDER , MOSTAERT , MAERE Hugo"},{"id":"6968","label":"RENOVATION MODERNE "}]
[2019-11-05:10:12:38]	autocomplete_query
[2019-11-05:10:12:38]	[{"id":"1184","label":"DERUE Jean-pierre"}]
[2019-11-05:10:12:38]	autocomplete_query
[2019-11-05:10:12:38]	[{"id":"1184","label":"DERUE Jean-pierre"}]
[2019-11-05:11:03:44]	autocomplete_query
[2019-11-05:11:03:44]	[{"id":"3646","label":"ALLEN KEAPLER Immo"},{"id":"3600","label":"ENERGIE & ELECTRICITE "},{"id":"3588","label":"VANSTHERTEM IMMO "},{"id":"3587","label":"HERODE Mélanie"},{"id":"3576","label":"DEVLEESCHOUWER Laurence"},{"id":"3529","label":"MINON Olivier"},{"id":"3506","label":"ROSU Lévi"},{"id":"3462","label":"KARINE Poli"},{"id":"3460","label":"DELCROIX Laurent"},{"id":"3448","label":"FORTEZ Serge"}]
[2019-11-05:11:03:45]	autocomplete_query
[2019-11-05:11:03:45]	[{"id":"3444","label":"DE WILDE D'ESTMAEL - DEL MARMOL Coralie & cédric"},{"id":"3439","label":"MEUNIER - DEMOULIN Marie-france & anne-sophie"},{"id":"3339","label":"GILSON François"},{"id":"3249","label":"LEMBOURG Marie-france"},{"id":"3229","label":"CAPRASSE Remi"},{"id":"3197","label":"HERMANN - FOURNIER François & sophie"},{"id":"2632","label":"CAYPHAS Jean-françois"},{"id":"2565","label":"MALOPERA IMMO "},{"id":"2535","label":"CENTURY 21 BUREAU BLAVIER - LIEGE & SERAING "},{"id":"2516","label":"CRASSON Morgane"}]
[2019-11-05:11:03:45]	autocomplete_query
[2019-11-05:11:03:45]	[{"id":"3439","label":"MEUNIER - DEMOULIN Marie-france & anne-sophie"},{"id":"3339","label":"GILSON François"},{"id":"3249","label":"LEMBOURG Marie-france"},{"id":"3197","label":"HERMANN - FOURNIER François & sophie"},{"id":"2632","label":"CAYPHAS Jean-françois"},{"id":"2387","label":"MOISE Luc assurances"},{"id":"1720","label":"RANDAXHE Hervé"},{"id":"1684","label":"DUCHATEAU - FRANCQUEN Frédéric - etienne"},{"id":"1628","label":"DEBOUCHE - DELWART François - quentin"},{"id":"1469","label":"FRANCE Gilles"}]
[2019-11-05:11:03:46]	autocomplete_query
[2019-11-05:11:03:46]	[{"id":"1720","label":"RANDAXHE Hervé"},{"id":"5213","label":"BERTRAND Jean-Paul"}]
[2019-11-05:11:03:52]	autocomplete_query
[2019-11-05:11:03:52]	[{"id":"23","label":"Etude de Maître"},{"id":"1","label":"Madame"},{"id":"4","label":"Madame et Monsieur"},{"id":"27","label":"Maître"},{"id":"2","label":"Monsieur"},{"id":"15","label":"Monsieur & Madame"}]
[2019-11-05:11:03:53]	autocomplete_query
[2019-11-05:11:03:53]	[{"id":"23","label":"Etude de Maître"},{"id":"1","label":"Madame"},{"id":"4","label":"Madame et Monsieur"},{"id":"27","label":"Maître"},{"id":"15","label":"Monsieur & Madame"}]
[2019-11-05:11:03:53]	autocomplete_query
[2019-11-05:11:03:53]	[{"id":"1","label":"Madame"},{"id":"4","label":"Madame et Monsieur"},{"id":"15","label":"Monsieur & Madame"}]
[2019-11-05:11:03:54]	autocomplete_query
[2019-11-05:11:03:54]	[{"id":"1","label":"Madame"},{"id":"4","label":"Madame et Monsieur"},{"id":"15","label":"Monsieur & Madame"}]
[2019-11-05:11:16:09]	autocomplete_query
[2019-11-05:11:16:09]	[{"id":"3588","label":"VANSTHERTEM IMMO "},{"id":"3576","label":"DEVLEESCHOUWER Laurence"},{"id":"3529","label":"MINON Olivier"},{"id":"3506","label":"ROSU Lévi"},{"id":"3422","label":"VANDENBROUCKE Olivier"},{"id":"3324","label":"MAILLARD Vincent"},{"id":"3291","label":"GAHYLLE Anne et geneviève"},{"id":"3114","label":"VAZQUEZ JACQUES Christophe"},{"id":"3111","label":"VAN DER ELST Géry"},{"id":"3100","label":"DEVILLERS IMMO Fabien"}]
[2019-11-05:11:16:10]	autocomplete_query
[2019-11-05:11:16:10]	[{"id":"3588","label":"VANSTHERTEM IMMO "},{"id":"3422","label":"VANDENBROUCKE Olivier"},{"id":"3114","label":"VAZQUEZ JACQUES Christophe"},{"id":"3111","label":"VAN DER ELST Géry"},{"id":"2563","label":"STRIVAY & NOLLET "},{"id":"1385","label":"DEMBLON Valentine"},{"id":"1216","label":"DELVAUX Gaetan"},{"id":"1067","label":"VAN DEN BROECK Christophe"},{"id":"1002","label":"IMMO VIVALDI "},{"id":"842","label":"NELLESSEN - VACCARI Didier - letizia"}]
[2019-11-05:11:16:11]	autocomplete_query
[2019-11-05:11:16:11]	[{"id":"3588","label":"VANSTHERTEM IMMO "},{"id":"3422","label":"VANDENBROUCKE Olivier"},{"id":"3111","label":"VAN DER ELST Géry"},{"id":"1067","label":"VAN DEN BROECK Christophe"},{"id":"376","label":"CANAVESI - VAN DEN BERG Julie - alain"},{"id":"4042","label":"VAN ELSLANDER , MOSTAERT , MAERE Hugo"},{"id":"4130","label":"VANPEE - de ROUBAIX Adeline - Diane"},{"id":"4846","label":"PATERNOSTER & VAN CAUWENBERGH "},{"id":"5795","label":"VANNESTE Didier"},{"id":"5944","label":"VAN DROOGHENBROECK Vincent"}]
[2019-11-05:11:16:11]	autocomplete_query
[2019-11-05:11:16:11]	[{"id":"3422","label":"VANDENBROUCKE Olivier"}]
[2019-11-05:11:16:12]	autocomplete_query
[2019-11-05:11:16:12]	[{"id":"3422","label":"VANDENBROUCKE Olivier"}]
[2019-11-05:11:16:12]	autocomplete_query
[2019-11-05:11:16:12]	[{"id":"3422","label":"VANDENBROUCKE Olivier"}]
[2019-11-05:11:16:16]	autocomplete_query
[2019-11-05:11:16:16]	[{"id":"3422","label":"VANDENBROUCKE Olivier"}]
[2019-11-05:11:16:17]	autocomplete_query
[2019-11-05:11:16:17]	[{"id":"3422","label":"VANDENBROUCKE Olivier"}]
[2019-11-05:11:16:17]	autocomplete_query
[2019-11-05:11:16:17]	[{"id":"3588","label":"VANSTHERTEM IMMO "},{"id":"3422","label":"VANDENBROUCKE Olivier"},{"id":"3111","label":"VAN DER ELST Géry"},{"id":"1067","label":"VAN DEN BROECK Christophe"},{"id":"376","label":"CANAVESI - VAN DEN BERG Julie - alain"},{"id":"4042","label":"VAN ELSLANDER , MOSTAERT , MAERE Hugo"},{"id":"4130","label":"VANPEE - de ROUBAIX Adeline - Diane"},{"id":"4846","label":"PATERNOSTER & VAN CAUWENBERGH "},{"id":"5795","label":"VANNESTE Didier"},{"id":"5944","label":"VAN DROOGHENBROECK Vincent"}]
[2019-11-05:11:16:18]	autocomplete_query
[2019-11-05:11:16:18]	[{"id":"3588","label":"VANSTHERTEM IMMO "},{"id":"3422","label":"VANDENBROUCKE Olivier"},{"id":"3111","label":"VAN DER ELST Géry"},{"id":"1067","label":"VAN DEN BROECK Christophe"},{"id":"376","label":"CANAVESI - VAN DEN BERG Julie - alain"},{"id":"4042","label":"VAN ELSLANDER , MOSTAERT , MAERE Hugo"},{"id":"4130","label":"VANPEE - de ROUBAIX Adeline - Diane"},{"id":"4846","label":"PATERNOSTER & VAN CAUWENBERGH "},{"id":"5795","label":"VANNESTE Didier"},{"id":"5944","label":"VAN DROOGHENBROECK Vincent"}]
[2019-11-05:11:16:18]	autocomplete_query
[2019-11-05:11:16:18]	[{"id":"3422","label":"VANDENBROUCKE Olivier"},{"id":"3111","label":"VAN DER ELST Géry"},{"id":"1067","label":"VAN DEN BROECK Christophe"},{"id":"376","label":"CANAVESI - VAN DEN BERG Julie - alain"},{"id":"4042","label":"VAN ELSLANDER , MOSTAERT , MAERE Hugo"},{"id":"4130","label":"VANPEE - de ROUBAIX Adeline - Diane"},{"id":"5795","label":"VANNESTE Didier"},{"id":"5944","label":"VAN DROOGHENBROECK Vincent"}]
[2019-11-05:11:16:19]	autocomplete_query
[2019-11-05:11:16:19]	[{"id":"3422","label":"VANDENBROUCKE Olivier"},{"id":"3111","label":"VAN DER ELST Géry"},{"id":"1067","label":"VAN DEN BROECK Christophe"},{"id":"376","label":"CANAVESI - VAN DEN BERG Julie - alain"},{"id":"4042","label":"VAN ELSLANDER , MOSTAERT , MAERE Hugo"},{"id":"4130","label":"VANPEE - de ROUBAIX Adeline - Diane"}]
[2019-11-05:11:16:19]	autocomplete_query
[2019-11-05:11:16:19]	[{"id":"3422","label":"VANDENBROUCKE Olivier"},{"id":"1067","label":"VAN DEN BROECK Christophe"},{"id":"376","label":"CANAVESI - VAN DEN BERG Julie - alain"}]
[2019-11-05:11:16:20]	autocomplete_query
[2019-11-05:11:16:20]	[{"id":"3422","label":"VANDENBROUCKE Olivier"},{"id":"1067","label":"VAN DEN BROECK Christophe"},{"id":"376","label":"CANAVESI - VAN DEN BERG Julie - alain"}]
[2019-11-05:11:16:21]	autocomplete_query
[2019-11-05:11:16:21]	[{"id":"376","label":"CANAVESI - VAN DEN BERG Julie - alain"}]
[2019-11-05:11:16:26]	autocomplete_query
[2019-11-05:11:16:26]	[{"id":"23","label":"Etude de Maître"},{"id":"1","label":"Madame"},{"id":"4","label":"Madame et Monsieur"},{"id":"27","label":"Maître"},{"id":"2","label":"Monsieur"},{"id":"15","label":"Monsieur & Madame"}]
[2019-11-05:11:16:27]	autocomplete_query
[2019-11-05:11:16:27]	[{"id":"4","label":"Madame et Monsieur"},{"id":"2","label":"Monsieur"},{"id":"15","label":"Monsieur & Madame"}]
[2019-11-05:11:16:27]	autocomplete_query
[2019-11-05:11:16:27]	[{"id":"4","label":"Madame et Monsieur"},{"id":"2","label":"Monsieur"},{"id":"15","label":"Monsieur & Madame"}]
[2019-11-05:11:16:28]	autocomplete_query
[2019-11-05:11:16:28]	[{"id":"4","label":"Madame et Monsieur"},{"id":"2","label":"Monsieur"},{"id":"15","label":"Monsieur & Madame"}]
[2019-11-05:11:16:29]	autocomplete_query
[2019-11-05:11:16:29]	[{"id":"4","label":"Madame et Monsieur"},{"id":"2","label":"Monsieur"},{"id":"15","label":"Monsieur & Madame"}]
[2019-11-05:11:20:57]	autocomplete_query
[2019-11-05:11:20:57]	[{"id":"23","label":"Etude de Maître"},{"id":"1","label":"Madame"},{"id":"4","label":"Madame et Monsieur"},{"id":"27","label":"Maître"},{"id":"2","label":"Monsieur"},{"id":"15","label":"Monsieur & Madame"}]
[2019-11-05:11:20:57]	autocomplete_query
[2019-11-05:11:20:57]	[{"id":"23","label":"Etude de Maître"},{"id":"1","label":"Madame"},{"id":"4","label":"Madame et Monsieur"},{"id":"27","label":"Maître"},{"id":"15","label":"Monsieur & Madame"}]
[2019-11-05:11:20:58]	autocomplete_query
[2019-11-05:11:20:58]	[{"id":"1","label":"Madame"},{"id":"4","label":"Madame et Monsieur"},{"id":"15","label":"Monsieur & Madame"}]
[2019-11-05:11:20:59]	autocomplete_query
[2019-11-05:11:20:59]	[{"id":"1","label":"Madame"},{"id":"4","label":"Madame et Monsieur"},{"id":"15","label":"Monsieur & Madame"}]
[2019-11-05:11:21:00]	autocomplete_query
[2019-11-05:11:21:00]	[{"id":"1","label":"Madame"},{"id":"4","label":"Madame et Monsieur"},{"id":"15","label":"Monsieur & Madame"}]
[2019-11-05:11:50:49]	autocomplete_query
[2019-11-05:11:50:49]	[{"id":"3646","label":"ALLEN KEAPLER Immo"},{"id":"3625","label":"WUILQUOT - NIZET Anne & emmanuel"},{"id":"3588","label":"VANSTHERTEM IMMO "},{"id":"3587","label":"HERODE Mélanie"},{"id":"3529","label":"MINON Olivier"},{"id":"3471","label":"DUMONT Denys"},{"id":"3461","label":"BELGE MAISON "},{"id":"3444","label":"DE WILDE D'ESTMAEL - DEL MARMOL Coralie & cédric"},{"id":"3439","label":"MEUNIER - DEMOULIN Marie-france & anne-sophie"},{"id":"3399","label":"HAMAIDE Antoine"}]
[2019-11-05:11:50:50]	autocomplete_query
[2019-11-05:11:50:50]	[{"id":"3529","label":"MINON Olivier"},{"id":"3275","label":"SPRL LMM-AIP Maisons Michetti -"},{"id":"3229","label":"CAPRASSE Remi"},{"id":"3201","label":"DEMIR IMMO Le coin immobilier sprl"},{"id":"2805","label":"LEVIE - HAINE Yves-michel et aurélie"},{"id":"2354","label":"BENJAMIN GASPARD IMMOBILIER "},{"id":"1971","label":"WAUTHIER - PONCELET Marc - benjamin"},{"id":"1788","label":"MICHAUX Benjamin"},{"id":"1548","label":"LEJEUNE Michael"},{"id":"1547","label":"MICHAUX Etienne"}]
[2019-11-05:11:50:50]	autocomplete_query
[2019-11-05:11:50:50]	[{"id":"1393","label":"MICHIELSEN - MISONNE Vincent"},{"id":"1079","label":"MISONNE Anne-marie"}]
[2019-11-05:11:50:51]	autocomplete_query
[2019-11-05:11:50:51]	[{"id":"1393","label":"MICHIELSEN - MISONNE Vincent"},{"id":"1079","label":"MISONNE Anne-marie"}]
[2019-11-05:11:50:52]	autocomplete_query
[2019-11-05:11:50:52]	[{"id":"1393","label":"MICHIELSEN - MISONNE Vincent"},{"id":"1079","label":"MISONNE Anne-marie"}]
[2019-11-05:11:50:57]	autocomplete_query
[2019-11-05:11:50:57]	[{"id":"23","label":"Etude de Maître"},{"id":"1","label":"Madame"},{"id":"4","label":"Madame et Monsieur"},{"id":"27","label":"Maître"},{"id":"2","label":"Monsieur"},{"id":"15","label":"Monsieur & Madame"}]
[2019-11-05:11:50:57]	autocomplete_query
[2019-11-05:11:50:57]	[{"id":"4","label":"Madame et Monsieur"},{"id":"2","label":"Monsieur"},{"id":"15","label":"Monsieur & Madame"}]
[2019-11-05:11:50:58]	autocomplete_query
[2019-11-05:11:50:58]	[{"id":"4","label":"Madame et Monsieur"},{"id":"2","label":"Monsieur"},{"id":"15","label":"Monsieur & Madame"}]
[2019-11-05:11:50:58]	autocomplete_query
[2019-11-05:11:50:58]	[{"id":"4","label":"Madame et Monsieur"},{"id":"2","label":"Monsieur"},{"id":"15","label":"Monsieur & Madame"}]
[2019-11-05:11:50:59]	autocomplete_query
[2019-11-05:11:50:59]	[{"id":"4","label":"Madame et Monsieur"},{"id":"2","label":"Monsieur"},{"id":"15","label":"Monsieur & Madame"}]
[2019-11-05:12:18:30]	autocomplete_query
[2019-11-05:12:18:30]	[{"id":"3646","label":"ALLEN KEAPLER Immo"},{"id":"3625","label":"WUILQUOT - NIZET Anne & emmanuel"},{"id":"3588","label":"VANSTHERTEM IMMO "},{"id":"3587","label":"HERODE Mélanie"},{"id":"3576","label":"DEVLEESCHOUWER Laurence"},{"id":"3462","label":"KARINE Poli"},{"id":"3461","label":"BELGE MAISON "},{"id":"3460","label":"DELCROIX Laurent"},{"id":"3444","label":"DE WILDE D'ESTMAEL - DEL MARMOL Coralie & cédric"},{"id":"3442","label":"ALEXIS De backer"}]
[2019-11-05:12:18:31]	autocomplete_query
[2019-11-05:12:18:31]	[{"id":"1561","label":"ADK IMMO "},{"id":"1522","label":"JADIN Catherine"},{"id":"69","label":"BRULL Adeline"},{"id":"4130","label":"VANPEE - de ROUBAIX Adeline - Diane"},{"id":"5496","label":"WADIMO "},{"id":"6238","label":"ESCALADE ET FUTUR "},{"id":"6402","label":"DAHI Adil"}]
[2019-11-05:12:18:32]	autocomplete_query
[2019-11-05:12:18:32]	[{"id":"1561","label":"ADK IMMO "}]
[2019-11-05:12:18:36]	autocomplete_query
[2019-11-05:12:18:36]	[{"id":"3649","label":"Daniele CHEVREUIL"},{"id":"3648","label":"Annie GODFRIN"},{"id":"3647","label":"BENZERGA Kamal du Mont 32  4458 fexhe-slins "},{"id":"3646","label":"ALLEN KEAPLER Immo Rue des Dominicains 4E  4000 Liège "},{"id":"7415","label":"CARLIER Pascal Rue Buisson 4  7130 Binche "},{"id":"3644","label":"DELHAYE Franck Boulevard de Douai 1/A  59100 Roubaix "},{"id":"3643","label":"Richard TROISFONTAINES"},{"id":"3642","label":"SCULIER Céline Rue de Chièvres 472  7332 Neufmaison "},{"id":"3641","label":"LEQUINE Brigitte Arthur Pouplier 76  7190 Ecaussinnes "},{"id":"3640","label":"LALOUX Georges Rue de Mons 142 A  7120 Estinnes-au-Val "}]
[2019-11-05:12:18:36]	autocomplete_query
[2019-11-05:12:18:36]	[{"id":"3585","label":"JEAN-MARIE Geradon rue Yernawe 60  4470 Saint-Georges "},{"id":"3525","label":"Nadia MANDIAUX"},{"id":"3438","label":"Rachid & nadia AHMAIDI - ACHLOJ"},{"id":"3380","label":"Khadija SOW"},{"id":"3361","label":"Nadine STEFANINI - GILISSEN"},{"id":"3306","label":"Nadine BERTRAND"},{"id":"3254","label":" CHATZISTILIADIS - WALEMAK"},{"id":"3187","label":"Georges - bernadette DEVRIN - CLOSSET"},{"id":"3158","label":"JONCKHEERE Jean-benoit Esplanade René Magritte 19  6010 Couillet (Charleroi) "},{"id":"4191","label":"SFERLAZZA Adolfo Rue de Condroz 331  4550 Nandrin "}]
[2019-11-05:12:18:37]	autocomplete_query
[2019-11-05:12:18:37]	[{"id":"1561","label":"ADK IMMO Rue des Fories 2  4020 Liège "},{"id":"6549","label":"C/O ADK SYNDIC CHAMBORD A.C.R. Rue des Fories 2  4020 Liège "},{"id":"6550","label":"C/O ADK SYNDIC RIVE GAUCHE A.C.R. Rue des Fories 2  4020 Liège "},{"id":"6551","label":"C/O ADK SYNDIC ELISABETH A.C.R. Rue des Fories 2  4020 Liège "},{"id":"6552","label":"ADK SYNDIC LOUVREX ET SDH A.C.R. Rue des Fories 2  4000 Liège "},{"id":"6553","label":"C/O ADK SYNDIC SIRIUS A.C.R. Rue des Fories 2  4020 Liège "},{"id":"6554","label":"C/O ADK SYNDIC CHABLIS A.C.R. Rue des Fories 2  4020 Liège "},{"id":"6555","label":"C/O ADK SYNDIC PARIM A.C.R. Rue de Fories 2  4020 Liège "},{"id":"6556","label":"C/O ADK SYNDIC TILVES A.C.R. Rue des Fories 2  4020 Liège "},{"id":"6814","label":"C/O ADK SYNDIC Menuet A.C.R. Rue des Fories 2  4020 Liège "}]
[2019-11-05:12:47:41]	autocomplete_query
[2019-11-05:12:47:41]	[{"id":"3006","label":" ADAM"},{"id":"1082","label":" ANDERNACK"},{"id":"313","label":" AZZIADI"},{"id":"2811","label":" BARTOLI - DIAS DE OLIVEIRA"},{"id":"829","label":" BINGOL - KARADUMAN"},{"id":"2799","label":" BLONDIN"},{"id":"1208","label":" BODART - WILLIAM"},{"id":"3005","label":" BODSON"},{"id":"654","label":" BOGAERTS - DE PREKEL"},{"id":"61","label":" BRICOURT - RENARD"}]
[2019-11-05:12:47:41]	autocomplete_query
[2019-11-05:12:47:41]	[{"id":"3006","label":" ADAM"},{"id":"1208","label":" BODART - WILLIAM"},{"id":"1326","label":" COLLIN - DAMOISEAUX"},{"id":"115","label":" DALEMANS"},{"id":"1506","label":" DANON"},{"id":"1059","label":" DANZE"},{"id":"2327","label":" DARCI"},{"id":"2345","label":" FONDATION ROI ALBERT"},{"id":"3589","label":" FONDATION ROI BAUDOIN"},{"id":"1739","label":" GERDAY - REMACLE"}]
[2019-11-05:12:47:42]	autocomplete_query
[2019-11-05:12:47:42]	[{"id":"423","label":"Dath Thomas Rue d'Ans 56  4000 Liège "}]
[2019-11-05:12:47:42]	autocomplete_query
[2019-11-05:12:47:42]	[{"id":"423","label":"Dath Thomas Rue d'Ans 56  4000 Liège "}]
[2019-11-05:13:48:39]	autocomplete_query
[2019-11-05:13:48:39]	[{"id":"3588","label":"VANSTHERTEM IMMO "},{"id":"3576","label":"DEVLEESCHOUWER Laurence"},{"id":"3506","label":"ROSU Lévi"},{"id":"3471","label":"DUMONT Denys"},{"id":"3461","label":"BELGE MAISON "},{"id":"3448","label":"FORTEZ Serge"},{"id":"3444","label":"DE WILDE D'ESTMAEL - DEL MARMOL Coralie & cédric"},{"id":"3442","label":"ALEXIS De backer"},{"id":"3439","label":"MEUNIER - DEMOULIN Marie-france & anne-sophie"},{"id":"3435","label":"CATTINI PASCALE Iti groupe"}]
[2019-11-05:13:48:39]	autocomplete_query
[2019-11-05:13:48:39]	[{"id":"3576","label":"DEVLEESCHOUWER Laurence"},{"id":"3435","label":"CATTINI PASCALE Iti groupe"},{"id":"1269","label":"FRANCESCHINI Jerome"},{"id":"637","label":"SCHMIDT Immo"},{"id":"528","label":"BECHET - SCHMIT "},{"id":"413","label":"D'INVERNO Jean-pascal"},{"id":"340","label":"KASCHTEN Marc"},{"id":"186","label":"SCIORTINO Salvino"},{"id":"180","label":"SCAVEE - MAGHE "},{"id":"4490","label":"CULOT - DE VISCH Pierre-Paul & Fabrice"}]
[2019-11-05:13:48:40]	autocomplete_query
[2019-11-05:13:48:40]	[{"id":"3435","label":"CATTINI PASCALE Iti groupe"},{"id":"413","label":"D'INVERNO Jean-pascal"},{"id":"180","label":"SCAVEE - MAGHE "},{"id":"5871","label":"HENRIET Pascal"},{"id":"6238","label":"ESCALADE ET FUTUR "}]
[2019-11-05:13:48:40]	autocomplete_query
[2019-11-05:13:48:40]	[]
[2019-11-05:13:48:41]	autocomplete_query
[2019-11-05:13:48:41]	[{"id":"3435","label":"CATTINI PASCALE Iti groupe"},{"id":"413","label":"D'INVERNO Jean-pascal"},{"id":"180","label":"SCAVEE - MAGHE "},{"id":"5871","label":"HENRIET Pascal"},{"id":"6238","label":"ESCALADE ET FUTUR "}]
[2019-11-05:13:48:41]	autocomplete_query
[2019-11-05:13:48:41]	[{"id":"180","label":"SCAVEE - MAGHE "}]
[2019-11-05:13:48:46]	autocomplete_query
[2019-11-05:13:48:46]	[{"id":"18","label":"ASBL"},{"id":"19","label":"Consorts"},{"id":"31","label":"Entreprise"},{"id":"25","label":"Indivision"},{"id":"32","label":"Installateur"},{"id":"4","label":"Madame et Monsieur"},{"id":"2","label":"Monsieur"},{"id":"15","label":"Monsieur & Madame"},{"id":"24","label":"SA"},{"id":"34","label":"SAS"}]
[2019-11-05:13:48:47]	autocomplete_query
[2019-11-05:13:48:47]	[{"id":"3","label":"Succession"}]
[2019-11-05:13:48:47]	autocomplete_query
[2019-11-05:13:48:47]	[{"id":"3","label":"Succession"}]
[2019-11-05:13:48:48]	autocomplete_query
[2019-11-05:13:48:48]	[{"id":"3","label":"Succession"}]
[2019-11-05:13:48:48]	autocomplete_query
[2019-11-05:13:48:48]	[{"id":"3","label":"Succession"}]
