[2019-11-05:08:03:24]	edit_lines
[2019-11-05:08:03:24]	13279
[2019-11-05:08:03:24]	UPDATE commande_documents SET migcms_moment_view=NOW(),migcms_id_user_view='23' WHERE id = '13279' 
[2019-11-05:08:03:45]	edit_lines
[2019-11-05:08:03:45]	22613
[2019-11-05:08:03:45]	UPDATE intranet_factures SET migcms_moment_view=NOW(),migcms_id_user_view='23' WHERE id = '22613' 
[2019-11-05:08:24:40]	edit_lines
[2019-11-05:08:25:09]	edit_lines
[2019-11-05:08:25:29]	edit_lines
[2019-11-05:08:25:48]	edit_lines
[2019-11-05:08:25:57]	edit_lines
[2019-11-05:08:26:24]	edit_lines
[2019-11-05:08:26:45]	edit_lines
[2019-11-05:08:27:04]	edit_lines
[2019-11-05:08:28:09]	edit_lines
[2019-11-05:08:28:21]	edit_lines
[2019-11-05:08:28:21]	13156
[2019-11-05:08:28:21]	UPDATE commande_documents SET migcms_moment_view=NOW(),migcms_id_user_view='23' WHERE id = '13156' 
[2019-11-05:08:31:08]	edit_lines
[2019-11-05:08:31:22]	edit_lines
[2019-11-05:08:31:22]	13153
[2019-11-05:08:31:22]	UPDATE commande_documents SET migcms_moment_view=NOW(),migcms_id_user_view='23' WHERE id = '13153' 
[2019-11-05:08:31:34]	edit_lines
[2019-11-05:08:31:34]	13154
[2019-11-05:08:31:34]	UPDATE commande_documents SET migcms_moment_view=NOW(),migcms_id_user_view='23' WHERE id = '13154' 
[2019-11-05:08:32:44]	edit_lines
[2019-11-05:08:33:06]	edit_lines
[2019-11-05:08:33:24]	edit_lines
[2019-11-05:08:34:32]	edit_lines
[2019-11-05:08:34:59]	edit_lines
[2019-11-05:08:35:16]	edit_lines
[2019-11-05:08:36:22]	edit_lines
[2019-11-05:08:36:41]	edit_lines
[2019-11-05:08:37:29]	edit_lines
[2019-11-05:08:37:29]	21748
[2019-11-05:08:37:29]	UPDATE intranet_factures SET migcms_moment_view=NOW(),migcms_id_user_view='23' WHERE id = '21748' 
[2019-11-05:08:38:05]	edit_lines
[2019-11-05:08:38:17]	edit_lines
[2019-11-05:08:38:17]	12184
[2019-11-05:08:38:17]	UPDATE commande_documents SET migcms_moment_view=NOW(),migcms_id_user_view='23' WHERE id = '12184' 
[2019-11-05:08:41:06]	edit_lines
[2019-11-05:08:41:06]	13000
[2019-11-05:08:41:06]	UPDATE commande_documents SET migcms_moment_view=NOW(),migcms_id_user_view='23' WHERE id = '13000' 
[2019-11-05:08:41:36]	edit_lines
[2019-11-05:08:41:56]	edit_lines
[2019-11-05:08:43:08]	edit_lines
[2019-11-05:08:43:21]	edit_lines
[2019-11-05:08:43:21]	13142
[2019-11-05:08:43:21]	UPDATE commande_documents SET migcms_moment_view=NOW(),migcms_id_user_view='23' WHERE id = '13142' 
[2019-11-05:08:43:49]	edit_lines
[2019-11-05:08:43:49]	13143
[2019-11-05:08:43:49]	UPDATE commande_documents SET migcms_moment_view=NOW(),migcms_id_user_view='23' WHERE id = '13143' 
[2019-11-05:08:45:13]	edit_lines
[2019-11-05:08:45:37]	edit_lines
[2019-11-05:08:46:34]	edit_lines
[2019-11-05:08:46:53]	edit_lines
[2019-11-05:08:47:05]	edit_lines
[2019-11-05:08:47:05]	12750
[2019-11-05:08:47:05]	UPDATE commande_documents SET migcms_moment_view=NOW(),migcms_id_user_view='23' WHERE id = '12750' 
[2019-11-05:08:47:49]	edit_lines
[2019-11-05:08:48:05]	edit_lines
[2019-11-05:08:48:05]	12443
[2019-11-05:08:48:05]	UPDATE commande_documents SET migcms_moment_view=NOW(),migcms_id_user_view='23' WHERE id = '12443' 
[2019-11-05:08:48:18]	edit_lines
[2019-11-05:08:48:18]	12440
[2019-11-05:08:48:18]	UPDATE commande_documents SET migcms_moment_view=NOW(),migcms_id_user_view='23' WHERE id = '12440' 
[2019-11-05:08:48:30]	edit_lines
[2019-11-05:08:48:30]	12418
[2019-11-05:08:48:30]	UPDATE commande_documents SET migcms_moment_view=NOW(),migcms_id_user_view='23' WHERE id = '12418' 
[2019-11-05:08:49:36]	edit_lines
[2019-11-05:08:49:52]	edit_lines
[2019-11-05:08:50:13]	edit_lines
[2019-11-05:08:50:35]	edit_lines
[2019-11-05:08:50:54]	edit_lines
[2019-11-05:09:49:34]	edit_lines
[2019-11-05:09:49:34]	22442
[2019-11-05:09:49:34]	UPDATE intranet_factures SET migcms_moment_view=NOW(),migcms_id_user_view='23' WHERE id = '22442' 
[2019-11-05:09:52:45]	edit_lines
[2019-11-05:09:52:45]	13169
[2019-11-05:09:52:45]	UPDATE commande_documents SET migcms_moment_view=NOW(),migcms_id_user_view='23' WHERE id = '13169' 
[2019-11-05:09:54:38]	edit_lines
[2019-11-05:09:55:52]	edit_lines
[2019-11-05:09:55:52]	22619
[2019-11-05:09:55:52]	UPDATE intranet_factures SET migcms_moment_view=NOW(),migcms_id_user_view='23' WHERE id = '22619' 
[2019-11-05:09:57:07]	edit_lines
[2019-11-05:09:57:07]	13280
[2019-11-05:09:57:07]	UPDATE commande_documents SET migcms_moment_view=NOW(),migcms_id_user_view='23' WHERE id = '13280' 
[2019-11-05:10:00:47]	edit_lines
[2019-11-05:10:00:47]	22473
[2019-11-05:10:00:47]	UPDATE intranet_factures SET migcms_moment_view=NOW(),migcms_id_user_view='23' WHERE id = '22473' 
[2019-11-05:10:03:35]	edit_lines
[2019-11-05:10:03:35]	13180
[2019-11-05:10:03:35]	UPDATE commande_documents SET migcms_moment_view=NOW(),migcms_id_user_view='23' WHERE id = '13180' 
[2019-11-05:10:04:34]	edit_lines
[2019-11-05:10:04:34]	13180
[2019-11-05:10:04:34]	UPDATE commande_documents SET migcms_moment_view=NOW(),migcms_id_user_view='23' WHERE id = '13180' 
[2019-11-05:10:06:02]	edit_lines
[2019-11-05:10:07:32]	edit_lines
[2019-11-05:10:07:32]	22620
[2019-11-05:10:07:32]	UPDATE intranet_factures SET migcms_moment_view=NOW(),migcms_id_user_view='23' WHERE id = '22620' 
[2019-11-05:10:09:06]	edit_lines
[2019-11-05:10:09:06]	13281
[2019-11-05:10:09:06]	UPDATE commande_documents SET migcms_moment_view=NOW(),migcms_id_user_view='23' WHERE id = '13281' 
[2019-11-05:10:12:14]	edit_lines
[2019-11-05:10:12:14]	22518
[2019-11-05:10:12:14]	UPDATE intranet_factures SET migcms_moment_view=NOW(),migcms_id_user_view='23' WHERE id = '22518' 
[2019-11-05:10:14:23]	edit_lines
[2019-11-05:10:19:06]	edit_lines
[2019-11-05:10:21:24]	edit_lines
[2019-11-05:10:21:24]	13220
[2019-11-05:10:21:24]	UPDATE commande_documents SET migcms_moment_view=NOW(),migcms_id_user_view='23' WHERE id = '13220' 
[2019-11-05:10:24:49]	edit_lines
[2019-11-05:10:24:49]	7264
[2019-11-05:10:24:49]	UPDATE commande_documents SET migcms_moment_view=NOW(),migcms_id_user_view='23' WHERE id = '7264' 
[2019-11-05:10:32:22]	edit_lines
[2019-11-05:10:32:22]	13282
[2019-11-05:10:32:22]	UPDATE commande_documents SET migcms_moment_view=NOW(),migcms_id_user_view='23' WHERE id = '13282' 
[2019-11-05:10:54:03]	edit_lines
[2019-11-05:10:54:03]	13067
[2019-11-05:10:54:03]	UPDATE commande_documents SET migcms_moment_view=NOW(),migcms_id_user_view='23' WHERE id = '13067' 
[2019-11-05:10:57:44]	edit_lines
[2019-11-05:10:57:44]	13118
[2019-11-05:10:57:44]	UPDATE commande_documents SET migcms_moment_view=NOW(),migcms_id_user_view='23' WHERE id = '13118' 
[2019-11-05:11:00:16]	edit_lines
[2019-11-05:11:00:16]	13086
[2019-11-05:11:00:16]	UPDATE commande_documents SET migcms_moment_view=NOW(),migcms_id_user_view='23' WHERE id = '13086' 
[2019-11-05:11:02:51]	edit_lines
[2019-11-05:11:04:23]	edit_lines
[2019-11-05:11:04:23]	22626
[2019-11-05:11:04:23]	UPDATE intranet_factures SET migcms_moment_view=NOW(),migcms_id_user_view='23' WHERE id = '22626' 
[2019-11-05:11:06:49]	edit_lines
[2019-11-05:11:06:49]	13287
[2019-11-05:11:06:49]	UPDATE commande_documents SET migcms_moment_view=NOW(),migcms_id_user_view='23' WHERE id = '13287' 
[2019-11-05:11:10:54]	edit_lines
[2019-11-05:11:10:54]	13285
[2019-11-05:11:10:54]	UPDATE commande_documents SET migcms_moment_view=NOW(),migcms_id_user_view='23' WHERE id = '13285' 
[2019-11-05:11:11:55]	edit_lines
[2019-11-05:11:11:55]	13286
[2019-11-05:11:11:55]	UPDATE commande_documents SET migcms_moment_view=NOW(),migcms_id_user_view='23' WHERE id = '13286' 
[2019-11-05:11:15:26]	edit_lines
[2019-11-05:11:15:26]	22331
[2019-11-05:11:15:26]	UPDATE intranet_factures SET migcms_moment_view=NOW(),migcms_id_user_view='23' WHERE id = '22331' 
[2019-11-05:11:19:13]	edit_lines
[2019-11-05:11:19:13]	13076
[2019-11-05:11:19:13]	UPDATE commande_documents SET migcms_moment_view=NOW(),migcms_id_user_view='23' WHERE id = '13076' 
[2019-11-05:11:20:36]	edit_lines
[2019-11-05:11:20:36]	22361
[2019-11-05:11:20:36]	UPDATE intranet_factures SET migcms_moment_view=NOW(),migcms_id_user_view='23' WHERE id = '22361' 
[2019-11-05:11:23:42]	edit_lines
[2019-11-05:11:23:42]	13099
[2019-11-05:11:23:42]	UPDATE commande_documents SET migcms_moment_view=NOW(),migcms_id_user_view='23' WHERE id = '13099' 
[2019-11-05:11:36:55]	edit_lines
[2019-11-05:11:36:55]	22524
[2019-11-05:11:36:55]	UPDATE intranet_factures SET migcms_moment_view=NOW(),migcms_id_user_view='23' WHERE id = '22524' 
[2019-11-05:11:39:41]	edit_lines
[2019-11-05:11:39:41]	13227
[2019-11-05:11:39:41]	UPDATE commande_documents SET migcms_moment_view=NOW(),migcms_id_user_view='23' WHERE id = '13227' 
[2019-11-05:11:47:31]	edit_lines
[2019-11-05:11:47:31]	22372
[2019-11-05:11:47:31]	UPDATE intranet_factures SET migcms_moment_view=NOW(),migcms_id_user_view='23' WHERE id = '22372' 
[2019-11-05:11:47:57]	edit_lines
[2019-11-05:11:59:55]	edit_lines
[2019-11-05:11:59:55]	13114
[2019-11-05:11:59:55]	UPDATE commande_documents SET migcms_moment_view=NOW(),migcms_id_user_view='23' WHERE id = '13114' 
[2019-11-05:12:11:58]	edit_lines
[2019-11-05:12:11:58]	13255
[2019-11-05:12:11:58]	UPDATE commande_documents SET migcms_moment_view=NOW(),migcms_id_user_view='23' WHERE id = '13255' 
[2019-11-05:12:16:14]	edit_lines
[2019-11-05:12:19:49]	edit_lines
[2019-11-05:12:19:49]	22627
[2019-11-05:12:19:49]	UPDATE intranet_factures SET migcms_moment_view=NOW(),migcms_id_user_view='23' WHERE id = '22627' 
[2019-11-05:12:20:20]	edit_lines
[2019-11-05:12:20:20]	22627
[2019-11-05:12:20:20]	UPDATE intranet_factures SET migcms_moment_view=NOW(),migcms_id_user_view='23' WHERE id = '22627' 
[2019-11-05:12:21:57]	edit_lines
[2019-11-05:12:21:57]	13288
[2019-11-05:12:21:57]	UPDATE commande_documents SET migcms_moment_view=NOW(),migcms_id_user_view='23' WHERE id = '13288' 
[2019-11-05:12:22:24]	edit_lines
[2019-11-05:12:22:24]	13288
[2019-11-05:12:22:24]	UPDATE commande_documents SET migcms_moment_view=NOW(),migcms_id_user_view='23' WHERE id = '13288' 
[2019-11-05:12:46:36]	edit_lines
[2019-11-05:12:50:01]	edit_lines
[2019-11-05:12:50:01]	13288
[2019-11-05:12:50:01]	UPDATE commande_documents SET migcms_moment_view=NOW(),migcms_id_user_view='3' WHERE id = '13288' 
[2019-11-05:12:50:44]	edit_lines
[2019-11-05:12:50:44]	22627
[2019-11-05:12:50:44]	UPDATE intranet_factures SET migcms_moment_view=NOW(),migcms_id_user_view='3' WHERE id = '22627' 
[2019-11-05:12:55:32]	edit_lines
[2019-11-05:12:55:32]	12208
[2019-11-05:12:55:32]	UPDATE intranet_factures SET migcms_moment_view=NOW(),migcms_id_user_view='3' WHERE id = '12208' 
[2019-11-05:12:57:52]	edit_lines
[2019-11-05:12:57:52]	183
[2019-11-05:12:57:52]	UPDATE handmade_certigreen_commissions SET migcms_moment_view=NOW(),migcms_id_user_view='3' WHERE id = '183' 
[2019-11-05:12:58:30]	edit_lines
[2019-11-05:13:10:23]	edit_lines
[2019-11-05:13:10:23]	22627
[2019-11-05:13:10:23]	UPDATE intranet_factures SET migcms_moment_view=NOW(),migcms_id_user_view='3' WHERE id = '22627' 
[2019-11-05:13:12:16]	edit_lines
[2019-11-05:13:12:27]	edit_lines
[2019-11-05:13:12:27]	11936
[2019-11-05:13:12:27]	UPDATE commande_documents SET migcms_moment_view=NOW(),migcms_id_user_view='23' WHERE id = '11936' 
[2019-11-05:13:13:18]	edit_lines
[2019-11-05:13:13:19]	22627
[2019-11-05:13:13:19]	UPDATE intranet_factures SET migcms_moment_view=NOW(),migcms_id_user_view='3' WHERE id = '22627' 
[2019-11-05:13:13:31]	edit_lines
[2019-11-05:13:13:48]	edit_lines
[2019-11-05:13:13:59]	edit_lines
[2019-11-05:13:13:59]	13181
[2019-11-05:13:13:59]	UPDATE commande_documents SET migcms_moment_view=NOW(),migcms_id_user_view='23' WHERE id = '13181' 
[2019-11-05:13:15:51]	edit_lines
[2019-11-05:13:16:35]	edit_lines
[2019-11-05:13:16:47]	edit_lines
[2019-11-05:13:16:47]	13019
[2019-11-05:13:16:47]	UPDATE commande_documents SET migcms_moment_view=NOW(),migcms_id_user_view='23' WHERE id = '13019' 
[2019-11-05:13:16:49]	edit_lines
[2019-11-05:13:16:49]	9
[2019-11-05:13:16:49]	UPDATE migcms_textes_emails SET migcms_moment_view=NOW(),migcms_id_user_view='3' WHERE id = '9' 
[2019-11-05:13:17:05]	edit_lines
[2019-11-05:13:17:06]	edit_lines
[2019-11-05:13:17:06]	12
[2019-11-05:13:17:06]	UPDATE migcms_textes_emails SET migcms_moment_view=NOW(),migcms_id_user_view='3' WHERE id = '12' 
[2019-11-05:13:17:27]	edit_lines
[2019-11-05:13:17:50]	edit_lines
[2019-11-05:13:18:04]	edit_lines
[2019-11-05:13:18:04]	12
[2019-11-05:13:18:04]	UPDATE migcms_textes_emails SET migcms_moment_view=NOW(),migcms_id_user_view='3' WHERE id = '12' 
[2019-11-05:13:18:19]	edit_lines
[2019-11-05:13:31:17]	edit_lines
[2019-11-05:13:31:17]	48
[2019-11-05:13:31:17]	UPDATE members SET migcms_moment_view=NOW(),migcms_id_user_view='3' WHERE id = '48' 
[2019-11-05:13:47:46]	edit_lines
[2019-11-05:13:47:46]	22403
[2019-11-05:13:47:46]	UPDATE intranet_factures SET migcms_moment_view=NOW(),migcms_id_user_view='23' WHERE id = '22403' 
[2019-11-05:13:51:50]	edit_lines
[2019-11-05:13:51:50]	13138
[2019-11-05:13:51:50]	UPDATE commande_documents SET migcms_moment_view=NOW(),migcms_id_user_view='23' WHERE id = '13138' 
