[2019-11-05:07:59:40]	handmade_emailto_document
[2019-11-05:07:59:40]	20228
[2019-11-05:07:59:40]	7
[2019-11-05:07:59:40]	7
[2019-11-05:07:59:40]	hervec@me.com
[2019-11-05:08:32:01]	handmade_emailto_document
[2019-11-05:08:32:01]	22426
[2019-11-05:08:32:01]	7
[2019-11-05:08:32:01]	7
[2019-11-05:08:32:01]	lemaitre.lionel@gmail.com
[2019-11-05:08:32:14]	handmade_emailto_document
[2019-11-05:08:32:14]	22426
[2019-11-05:08:32:14]	7
[2019-11-05:08:32:14]	7
[2019-11-05:08:32:14]	lemaitre.lionel@gmail.com
[2019-11-05:08:38:27]	handmade_emailto_document
[2019-11-05:08:38:27]	20755
[2019-11-05:08:38:27]	7
[2019-11-05:08:38:27]	7
[2019-11-05:08:38:27]	randyc1@hotmail.fr
[2019-11-05:08:41:16]	handmade_emailto_document
[2019-11-05:08:41:16]	22204
[2019-11-05:08:41:16]	7
[2019-11-05:08:41:16]	7
[2019-11-05:08:41:16]	geosoultan@gmail.com
[2019-11-05:08:42:16]	handmade_emailto_document
[2019-11-05:08:42:16]	21913
[2019-11-05:08:42:16]	7
[2019-11-05:08:42:16]	7
[2019-11-05:08:42:16]	ericthirion6@gmail.com
[2019-11-05:08:42:28]	handmade_emailto_document
[2019-11-05:08:42:28]	21913
[2019-11-05:08:42:28]	7
[2019-11-05:08:42:28]	7
[2019-11-05:08:42:28]	ericthirion6@gmail.com
[2019-11-05:08:42:37]	handmade_emailto_document
[2019-11-05:08:42:37]	21913
[2019-11-05:08:42:37]	7
[2019-11-05:08:42:37]	7
[2019-11-05:08:42:37]	ericthirion6@gmail.com
[2019-11-05:08:47:15]	handmade_emailto_document
[2019-11-05:08:47:15]	21771
[2019-11-05:08:47:15]	7
[2019-11-05:08:47:15]	7
[2019-11-05:08:47:15]	pareuter@hotmail.com
[2019-11-05:08:48:41]	handmade_emailto_document
[2019-11-05:08:48:41]	21222
[2019-11-05:08:48:41]	7
[2019-11-05:08:48:41]	7
[2019-11-05:08:48:41]	martijnvdpluijm@xs4all.nl
[2019-11-05:08:48:54]	handmade_emailto_document
[2019-11-05:08:48:54]	21222
[2019-11-05:08:48:54]	7
[2019-11-05:08:48:54]	7
[2019-11-05:08:48:54]	martijnvdpluijm@xs4all.nl
[2019-11-05:08:49:05]	handmade_emailto_document
[2019-11-05:08:49:05]	21222
[2019-11-05:08:49:05]	7
[2019-11-05:08:49:05]	7
[2019-11-05:08:49:05]	martijnvdpluijm@xs4all.nl
[2019-11-05:09:52:35]	handmade_emailto_document
[2019-11-05:09:52:35]	
[2019-11-05:09:52:35]	
[2019-11-05:09:52:35]	7
[2019-11-05:09:52:35]	geoffreycolmant@yahoo.fr
[2019-11-05:09:56:52]	handmade_emailto_document
[2019-11-05:09:56:52]	
[2019-11-05:09:56:52]	
[2019-11-05:09:56:52]	7
[2019-11-05:09:56:52]	hmiste@hotmail.com
[2019-11-05:10:02:57]	handmade_emailto_document
[2019-11-05:10:02:57]	
[2019-11-05:10:02:57]	
[2019-11-05:10:02:57]	7
[2019-11-05:10:02:57]	info@michetti.be
[2019-11-05:10:04:42]	handmade_emailto_document
[2019-11-05:10:04:42]	22473
[2019-11-05:10:04:42]	28
[2019-11-05:10:04:42]	28
[2019-11-05:10:04:42]	3275
[2019-11-05:10:04:42]	3275
[2019-11-05:10:04:42]	info@michetti.be
[2019-11-05:10:04:42]	info@michetti.be
[2019-11-05:10:08:26]	handmade_emailto_document
[2019-11-05:10:08:26]	
[2019-11-05:10:08:26]	
[2019-11-05:10:08:26]	7
[2019-11-05:10:08:26]	109ruedelabuissiere@gmail.com
[2019-11-05:10:09:54]	handmade_emailto_document
[2019-11-05:10:09:54]	22620
[2019-11-05:10:09:54]	7
[2019-11-05:10:09:54]	7
[2019-11-05:10:09:54]	109ruedelabuissiere@gmail.com
[2019-11-05:10:13:51]	handmade_emailto_document
[2019-11-05:10:13:51]	
[2019-11-05:10:13:51]	
[2019-11-05:10:13:51]	7
[2019-11-05:10:13:51]	jc.toubeau@skynet.be
[2019-11-05:11:01:05]	handmade_emailto_document
[2019-11-05:11:01:05]	22347
[2019-11-05:11:01:05]	7
[2019-11-05:11:01:05]	7
[2019-11-05:11:01:05]	jeanclaudehanskens@gmail.com
[2019-11-05:11:18:11]	handmade_emailto_document
[2019-11-05:11:18:11]	
[2019-11-05:11:18:11]	
[2019-11-05:11:18:11]	7
[2019-11-05:11:18:11]	charles.grillo@hotmail.com
[2019-11-05:11:52:28]	handmade_emailto_document
[2019-11-05:11:52:28]	
[2019-11-05:11:52:28]	
[2019-11-05:11:52:28]	7
[2019-11-05:11:52:28]	sulanawej@gmail.com
[2019-11-05:12:21:36]	handmade_emailto_document
[2019-11-05:12:21:36]	
[2019-11-05:12:21:36]	
[2019-11-05:12:21:36]	7
[2019-11-05:12:21:36]	fxgodefroidku@pasdemaiL.aoh
[2019-11-05:12:22:32]	handmade_emailto_document
[2019-11-05:12:22:32]	22627
[2019-11-05:12:22:32]	8
[2019-11-05:12:22:32]	8
[2019-11-05:12:22:32]	1561
[2019-11-05:12:22:32]	1561
[2019-11-05:12:22:32]	info@adkimmo.com
[2019-11-05:12:22:32]	info@adkimmo.com
[2019-11-05:13:12:40]	handmade_emailto_document
[2019-11-05:13:12:40]	20267
[2019-11-05:13:12:40]	7
[2019-11-05:13:12:40]	7
[2019-11-05:13:12:40]	pm@casinodespa.be
[2019-11-05:13:14:09]	handmade_emailto_document
[2019-11-05:13:14:09]	22475
[2019-11-05:13:14:09]	8
[2019-11-05:13:14:09]	8
[2019-11-05:13:14:09]	229
[2019-11-05:13:14:09]	229
[2019-11-05:13:14:09]	info@aaro-sa.com
[2019-11-05:13:14:09]	info@aaro-sa.com
[2019-11-05:13:50:07]	handmade_emailto_document
[2019-11-05:13:50:07]	
[2019-11-05:13:50:07]	
[2019-11-05:13:50:07]	7
[2019-11-05:13:50:07]	libert.marianne@skynet.be
