[2019-11-05:09:51:58]	save_doc_facture_fill_numero_facture
[2019-11-05:09:51:58]	22442
[2019-11-05:09:51:58]	0
[2019-11-05:09:51:58]	vide
[2019-11-05:09:51:58]	20191773
[2019-11-05:09:51:58]				UPDATE intranet_factures SET numero_facture = '20191773' WHERE id = '22442'

[2019-11-05:09:51:58]	save_doc_facture_fill_numero_facture OK
[2019-11-05:09:56:36]	save_doc_facture_fill_numero_facture
[2019-11-05:09:56:36]	22619
[2019-11-05:09:56:36]	0
[2019-11-05:09:56:36]	vide
[2019-11-05:09:56:36]	20191774
[2019-11-05:09:56:36]				UPDATE intranet_factures SET numero_facture = '20191774' WHERE id = '22619'

[2019-11-05:09:56:36]	save_doc_facture_fill_numero_facture OK
[2019-11-05:10:02:36]	save_doc_facture_fill_numero_facture
[2019-11-05:10:02:36]	22473
[2019-11-05:10:02:36]	0
[2019-11-05:10:02:36]	vide
[2019-11-05:10:02:36]	20191775
[2019-11-05:10:02:36]				UPDATE intranet_factures SET numero_facture = '20191775' WHERE id = '22473'

[2019-11-05:10:02:36]	save_doc_facture_fill_numero_facture OK
[2019-11-05:10:08:04]	save_doc_facture_fill_numero_facture
[2019-11-05:10:08:04]	22620
[2019-11-05:10:08:04]	0
[2019-11-05:10:08:04]	vide
[2019-11-05:10:08:04]	20191776
[2019-11-05:10:08:04]				UPDATE intranet_factures SET numero_facture = '20191776' WHERE id = '22620'

[2019-11-05:10:08:04]	save_doc_facture_fill_numero_facture OK
[2019-11-05:10:13:35]	save_doc_facture_fill_numero_facture
[2019-11-05:10:13:35]	22518
[2019-11-05:10:13:35]	0
[2019-11-05:10:13:35]	vide
[2019-11-05:10:13:35]	20191777
[2019-11-05:10:13:35]				UPDATE intranet_factures SET numero_facture = '20191777' WHERE id = '22518'

[2019-11-05:10:13:35]	save_doc_facture_fill_numero_facture OK
[2019-11-05:11:06:04]	save_doc_facture_fill_numero_facture
[2019-11-05:11:06:04]	22626
[2019-11-05:11:06:04]	0
[2019-11-05:11:06:04]	vide
[2019-11-05:11:06:04]	20191778
[2019-11-05:11:06:04]				UPDATE intranet_factures SET numero_facture = '20191778' WHERE id = '22626'

[2019-11-05:11:06:04]	save_doc_facture_fill_numero_facture OK
[2019-11-05:11:17:54]	save_doc_facture_fill_numero_facture
[2019-11-05:11:17:54]	22331
[2019-11-05:11:17:54]	0
[2019-11-05:11:17:54]	vide
[2019-11-05:11:17:54]	20191779
[2019-11-05:11:17:54]				UPDATE intranet_factures SET numero_facture = '20191779' WHERE id = '22331'

[2019-11-05:11:17:54]	save_doc_facture_fill_numero_facture OK
[2019-11-05:11:21:54]	save_doc_facture_fill_numero_facture
[2019-11-05:11:21:54]	22361
[2019-11-05:11:21:54]	0
[2019-11-05:11:21:54]	vide
[2019-11-05:11:21:54]	20191780
[2019-11-05:11:21:54]				UPDATE intranet_factures SET numero_facture = '20191780' WHERE id = '22361'

[2019-11-05:11:21:54]	save_doc_facture_fill_numero_facture OK
[2019-11-05:11:38:57]	save_doc_facture_fill_numero_facture
[2019-11-05:11:38:57]	22524
[2019-11-05:11:38:57]	0
[2019-11-05:11:38:57]	vide
[2019-11-05:11:38:57]	20191781
[2019-11-05:11:38:57]				UPDATE intranet_factures SET numero_facture = '20191781' WHERE id = '22524'

[2019-11-05:11:38:57]	save_doc_facture_fill_numero_facture OK
[2019-11-05:11:52:14]	save_doc_facture_fill_numero_facture
[2019-11-05:11:52:14]	22372
[2019-11-05:11:52:14]	0
[2019-11-05:11:52:14]	vide
[2019-11-05:11:52:14]	20191782
[2019-11-05:11:52:14]				UPDATE intranet_factures SET numero_facture = '20191782' WHERE id = '22372'

[2019-11-05:11:52:14]	save_doc_facture_fill_numero_facture OK
[2019-11-05:12:21:18]	save_doc_facture_fill_numero_facture
[2019-11-05:12:21:18]	22627
[2019-11-05:12:21:18]	0
[2019-11-05:12:21:18]	vide
[2019-11-05:12:21:18]	20191783
[2019-11-05:12:21:18]				UPDATE intranet_factures SET numero_facture = '20191783' WHERE id = '22627'

[2019-11-05:12:21:18]	save_doc_facture_fill_numero_facture OK
[2019-11-05:13:49:47]	save_doc_facture_fill_numero_facture
[2019-11-05:13:49:47]	22403
[2019-11-05:13:49:47]	0
[2019-11-05:13:49:47]	vide
[2019-11-05:13:49:47]	20191784
[2019-11-05:13:49:47]				UPDATE intranet_factures SET numero_facture = '20191784' WHERE id = '22403'

[2019-11-05:13:49:47]	save_doc_facture_fill_numero_facture OK
